<?xml version="1.0" encoding="UTF-8"?>
<testng-results ignored="0" total="1" passed="1" failed="0" skipped="0">
  <reporter-output>
    <line>
      <![CDATA[We are on product Page : Apple iPhone 13 (128GB) - Blue : Amazon.in: Electronics]]>
    </line>
    <line>
      <![CDATA[price of product: 52,499]]>
    </line>
  </reporter-output>
  <suite started-at="2023-12-02T16:30:56 IST" name="Default suite" finished-at="2023-12-02T16:31:37 IST" duration-ms="41321">
    <groups>
    </groups>
    <test started-at="2023-12-02T16:30:56 IST" name="Default test" finished-at="2023-12-02T16:31:37 IST" duration-ms="41321">
      <class name="testPackage.AmazonTestRunner">
        <test-method is-config="true" signature="setUp()[pri:0, instance:testPackage.AmazonTestRunner@2e3967ea]" started-at="2023-12-02T16:30:56 IST" name="setUp" finished-at="2023-12-02T16:31:12 IST" duration-ms="15653" status="PASS">
          <reporter-output>
          </reporter-output>
        </test-method> <!-- setUp -->
        <test-method signature="endToEndFlowOfProductSearch()[pri:0, instance:testPackage.AmazonTestRunner@2e3967ea]" started-at="2023-12-02T16:31:12 IST" name="endToEndFlowOfProductSearch" description="end to end flow of Iphone Product" finished-at="2023-12-02T16:31:36 IST" duration-ms="24047" status="PASS">
          <reporter-output>
            <line>
              <![CDATA[We are on product Page : Apple iPhone 13 (128GB) - Blue : Amazon.in: Electronics]]>
            </line>
            <line>
              <![CDATA[price of product: 52,499]]>
            </line>
          </reporter-output>
        </test-method> <!-- endToEndFlowOfProductSearch -->
        <test-method is-config="true" signature="tearDown()[pri:0, instance:testPackage.AmazonTestRunner@2e3967ea]" started-at="2023-12-02T16:31:36 IST" name="tearDown" finished-at="2023-12-02T16:31:37 IST" duration-ms="1530" status="PASS">
          <reporter-output>
          </reporter-output>
        </test-method> <!-- tearDown -->
      </class> <!-- testPackage.AmazonTestRunner -->
    </test> <!-- Default test -->
  </suite> <!-- Default suite -->
</testng-results>
